<?xml version="1.0" encoding="UTF-8"?>
<!-- Generated by org.testng.reporters.JUnitReportReporter -->
<testsuite skipped="0" hostname="Mir-PC" name="suiteA.LoginTest3" tests="9" failures="0" timestamp="20 Jul 2020 03:40:46 GMT" time="0.071" errors="0">
  <testcase name="loginTest9" time="0.003" classname="suiteA.LoginTest3"/>
  <testcase name="loginTest9" time="0.001" classname="suiteA.LoginTest3"/>
  <testcase name="loginTest8" time="0.007" classname="suiteA.LoginTest3"/>
  <testcase name="loginTest8" time="0.009" classname="suiteA.LoginTest3"/>
  <testcase name="loginTest7" time="0.004" classname="suiteA.LoginTest3"/>
  <testcase name="loginTest7" time="0.014" classname="suiteA.LoginTest3"/>
  <testcase name="loginTest9" time="0.010" classname="suiteA.LoginTest3"/>
  <testcase name="loginTest8" time="0.006" classname="suiteA.LoginTest3"/>
  <testcase name="loginTest7" time="0.017" classname="suiteA.LoginTest3"/>
</testsuite> <!-- suiteA.LoginTest3 -->
