<?xml version="1.0" encoding="UTF-8"?>
<!-- Generated by org.testng.reporters.JUnitReportReporter -->
<testsuite skipped="0" hostname="Mir-PC" name="suiteB.LogoutTest" tests="9" failures="0" timestamp="20 Jul 2020 02:19:57 GMT" time="0.023" errors="0">
  <testcase name="logoutTest3" time="0.004" classname="suiteB.LogoutTest"/>
  <testcase name="logoutTest" time="0.002" classname="suiteB.LogoutTest"/>
  <testcase name="logoutTest3" time="0.006" classname="suiteB.LogoutTest"/>
  <testcase name="logoutTest2" time="0.003" classname="suiteB.LogoutTest"/>
  <testcase name="logoutTest3" time="0.002" classname="suiteB.LogoutTest"/>
  <testcase name="logoutTest2" time="0.003" classname="suiteB.LogoutTest"/>
  <testcase name="logoutTest" time="0.001" classname="suiteB.LogoutTest"/>
  <testcase name="logoutTest" time="0.001" classname="suiteB.LogoutTest"/>
  <testcase name="logoutTest2" time="0.001" classname="suiteB.LogoutTest"/>
</testsuite> <!-- suiteB.LogoutTest -->
