<?xml version="1.0" encoding="UTF-8"?>
<!-- Generated by org.testng.reporters.JUnitReportReporter -->
<testsuite skipped="0" hostname="Mir-PC" name="practice.DataProvider_Example2" tests="6" failures="0" timestamp="19 Jul 2020 23:51:10 GMT" time="0.018" errors="0">
  <testcase name="login" time="0.004" classname="practice.DataProvider_Example2"/>
  <testcase name="logout" time="0.003" classname="practice.DataProvider_Example2"/>
  <testcase name="login" time="0.002" classname="practice.DataProvider_Example2"/>
  <testcase name="logout" time="0.003" classname="practice.DataProvider_Example2"/>
  <testcase name="login" time="0.002" classname="practice.DataProvider_Example2"/>
  <testcase name="logout" time="0.004" classname="practice.DataProvider_Example2"/>
</testsuite> <!-- practice.DataProvider_Example2 -->
