<?xml version="1.0" encoding="UTF-8"?>
<!-- Generated by org.testng.reporters.JUnitReportReporter -->
<testsuite skipped="0" hostname="Mir-PC" name="practice.ITestContext_Test" tests="3" failures="0" timestamp="19 Jul 2020 07:29:51 GMT" time="0.026" errors="0">
  <testcase name="test1" time="0.018" classname="practice.ITestContext_Test"/>
  <testcase name="test2" time="0.005" classname="practice.ITestContext_Test"/>
  <testcase name="test3" time="0.003" classname="practice.ITestContext_Test"/>
</testsuite> <!-- practice.ITestContext_Test -->
