<?xml version="1.0" encoding="UTF-8"?>
<!-- Generated by org.testng.reporters.JUnitReportReporter -->
<testsuite skipped="0" hostname="Mir-PC" name="practice.Convert_Int_String" tests="1" failures="0" timestamp="19 Jul 2020 23:51:10 GMT" time="0.021" errors="0">
  <testcase name="compare" time="0.021" classname="practice.Convert_Int_String"/>
</testsuite> <!-- practice.Convert_Int_String -->
