<?xml version="1.0" encoding="UTF-8"?>
<!-- Generated by org.testng.reporters.JUnitReportReporter -->
<testsuite skipped="0" hostname="Mir-PC" name="suiteB.LogoutTest3" tests="9" failures="0" timestamp="20 Jul 2020 02:19:57 GMT" time="0.016" errors="0">
  <testcase name="logoutTest7" time="0.002" classname="suiteB.LogoutTest3"/>
  <testcase name="logoutTest7" time="0.002" classname="suiteB.LogoutTest3"/>
  <testcase name="logoutTest9" time="0.001" classname="suiteB.LogoutTest3"/>
  <testcase name="logoutTest8" time="0.001" classname="suiteB.LogoutTest3"/>
  <testcase name="logoutTest9" time="0.002" classname="suiteB.LogoutTest3"/>
  <testcase name="logoutTest8" time="0.002" classname="suiteB.LogoutTest3"/>
  <testcase name="logoutTest7" time="0.002" classname="suiteB.LogoutTest3"/>
  <testcase name="logoutTest9" time="0.002" classname="suiteB.LogoutTest3"/>
  <testcase name="logoutTest8" time="0.002" classname="suiteB.LogoutTest3"/>
</testsuite> <!-- suiteB.LogoutTest3 -->
