<?xml version="1.0" encoding="UTF-8"?>
<!-- Generated by org.testng.reporters.JUnitReportReporter -->
<testsuite skipped="0" hostname="Mir-PC" name="suiteB.LogoutTest2" tests="9" failures="0" timestamp="20 Jul 2020 02:19:57 GMT" time="0.027" errors="0">
  <testcase name="logoutTest4" time="0.001" classname="suiteB.LogoutTest2"/>
  <testcase name="logoutTest6" time="0.002" classname="suiteB.LogoutTest2"/>
  <testcase name="logoutTest4" time="0.006" classname="suiteB.LogoutTest2"/>
  <testcase name="logoutTest5" time="0.003" classname="suiteB.LogoutTest2"/>
  <testcase name="logoutTest6" time="0.005" classname="suiteB.LogoutTest2"/>
  <testcase name="logoutTest5" time="0.001" classname="suiteB.LogoutTest2"/>
  <testcase name="logoutTest4" time="0.002" classname="suiteB.LogoutTest2"/>
  <testcase name="logoutTest5" time="0.005" classname="suiteB.LogoutTest2"/>
  <testcase name="logoutTest6" time="0.002" classname="suiteB.LogoutTest2"/>
</testsuite> <!-- suiteB.LogoutTest2 -->
