<?xml version="1.0" encoding="UTF-8"?>
<!-- Generated by org.testng.reporters.JUnitReportReporter -->
<testsuite skipped="0" hostname="Mir-PC" name="suiteA.LoginTest2" tests="9" failures="0" timestamp="20 Jul 2020 03:40:46 GMT" time="0.070" errors="0">
  <testcase name="loginTest5" time="0.003" classname="suiteA.LoginTest2"/>
  <testcase name="loginTest4" time="0.004" classname="suiteA.LoginTest2"/>
  <testcase name="loginTest6" time="0.012" classname="suiteA.LoginTest2"/>
  <testcase name="loginTest6" time="0.008" classname="suiteA.LoginTest2"/>
  <testcase name="loginTest6" time="0.017" classname="suiteA.LoginTest2"/>
  <testcase name="loginTest4" time="0.017" classname="suiteA.LoginTest2"/>
  <testcase name="loginTest5" time="0.003" classname="suiteA.LoginTest2"/>
  <testcase name="loginTest4" time="0.003" classname="suiteA.LoginTest2"/>
  <testcase name="loginTest5" time="0.003" classname="suiteA.LoginTest2"/>
</testsuite> <!-- suiteA.LoginTest2 -->
